  main.cpp
C:\Program Files (x86)\Windows Kits\10\Include\10.0.22621.0\shared\minwindef.h(130,9): warning C4005: "APIENTRY": ponowna definicja makra
  (kompilowanie pliku źródłowego „src/main.cpp”)
      C:\Users\Damia\Downloads\Projekt_GRK\dependencies\glfw-3.3.8.bin.WIN32\include\GLFW\glfw3.h(123,11):
      zobacz poprzednią definicję „APIENTRY”
  
C:\Users\Damia\Downloads\Projekt_GRK\src\Wind_App.hpp(246,41): warning C4244: "argument": konwersja z "double" do "float", możliwa utrata danych
  (kompilowanie pliku źródłowego „src/main.cpp”)
  
C:\Users\Damia\Downloads\Projekt_GRK\src\Wind_App.hpp(246,36): warning C4244: "argument": konwersja z "double" do "float", możliwa utrata danych
  (kompilowanie pliku źródłowego „src/main.cpp”)
  
C:\Users\Damia\Downloads\Projekt_GRK\src\Wind_App.hpp(279,10): warning C4305: "inicjowanie": obcięcie z "double" do "float"
  (kompilowanie pliku źródłowego „src/main.cpp”)
  
C:\Users\Damia\Downloads\Projekt_GRK\src\Wind_App.hpp(348,40): warning C4244: "-=": konwersja z "double" do "float", możliwa utrata danych
  (kompilowanie pliku źródłowego „src/main.cpp”)
  
C:\Users\Damia\Downloads\Projekt_GRK\src\Wind_App.hpp(538,33): warning C4101: "e": lokalna zmienna, do której nie istnieje odwołanie
  (kompilowanie pliku źródłowego „src/main.cpp”)
  
C:\Users\Damia\Downloads\Projekt_GRK\src\Wind_App.hpp(789,27): warning C4018: "<": niezgodność typu ze znakiem/bez znaku
  (kompilowanie pliku źródłowego „src/main.cpp”)
  
C:\Users\Damia\Downloads\Projekt_GRK\src\Wind_App.hpp(884,13): warning C4244: "inicjowanie": konwersja z "double" do "float", możliwa utrata danych
  (kompilowanie pliku źródłowego „src/main.cpp”)
  
C:\Users\Damia\Downloads\Projekt_GRK\src\Wind_App.hpp(996,23): warning C4244: "=": konwersja z "double" do "float", możliwa utrata danych
  (kompilowanie pliku źródłowego „src/main.cpp”)
  
C:\Users\Damia\Downloads\Projekt_GRK\src\Wind_App.hpp(997,23): warning C4244: "=": konwersja z "double" do "float", możliwa utrata danych
  (kompilowanie pliku źródłowego „src/main.cpp”)
  
C:\Users\Damia\Downloads\Projekt_GRK\src\Wind_App.hpp(1018,27): warning C4244: "=": konwersja z "double" do "float", możliwa utrata danych
  (kompilowanie pliku źródłowego „src/main.cpp”)
  
C:\Users\Damia\Downloads\Projekt_GRK\src\Wind_App.hpp(1019,30): warning C4244: "=": konwersja z "genType" do "float", możliwa utrata danych
C:\Users\Damia\Downloads\Projekt_GRK\src\Wind_App.hpp(1019,30): warning C4244:         with
C:\Users\Damia\Downloads\Projekt_GRK\src\Wind_App.hpp(1019,30): warning C4244:         [
C:\Users\Damia\Downloads\Projekt_GRK\src\Wind_App.hpp(1019,30): warning C4244:             genType=double
C:\Users\Damia\Downloads\Projekt_GRK\src\Wind_App.hpp(1019,30): warning C4244:         ]
  (kompilowanie pliku źródłowego „src/main.cpp”)
  
C:\Users\Damia\Downloads\Projekt_GRK\src\Wind_App.hpp(1138,22): warning C4244: "+=": konwersja z "double" do "float", możliwa utrata danych
  (kompilowanie pliku źródłowego „src/main.cpp”)
  
C:\Users\Damia\Downloads\Projekt_GRK\src\Wind_App.hpp(1139,22): warning C4244: "+=": konwersja z "double" do "float", możliwa utrata danych
  (kompilowanie pliku źródłowego „src/main.cpp”)
  
dbfopen.obj : warning LNK4075: zignorowano opcję „/EDITANDCONTINUE” z powodu określenia opcji „/INCREMENTAL:NO”
LINK : warning LNK4098: domyślna biblioteka „MSVCRT” powoduje konflikt z innymi bibliotekami; użyj opcji /NODEFAULTLIB:biblioteka
  grk-cw6.vcxproj -> C:\Users\Damia\Downloads\Projekt_GRK\Debug\projekt-grk.exe
