c:\users\damia\downloads\projekt_grk\projekt-grk\debug\vc143.pdb
c:\users\damia\downloads\projekt_grk\projekt-grk\debug\vc143.idb
c:\users\damia\downloads\projekt_grk\projekt-grk\debug\texture.obj
c:\users\damia\downloads\projekt_grk\projekt-grk\debug\render_utils.obj
c:\users\damia\downloads\projekt_grk\projekt-grk\debug\main.obj
c:\users\damia\downloads\projekt_grk\projekt-grk\debug\stb_image_aug.obj
c:\users\damia\downloads\projekt_grk\projekt-grk\debug\soil.obj
c:\users\damia\downloads\projekt_grk\projekt-grk\debug\image_helper.obj
c:\users\damia\downloads\projekt_grk\projekt-grk\debug\image_dxt.obj
c:\users\damia\downloads\projekt_grk\projekt-grk\debug\shpopen.obj
c:\users\damia\downloads\projekt_grk\projekt-grk\debug\safileio.obj
c:\users\damia\downloads\projekt_grk\projekt-grk\debug\dbfopen.obj
c:\users\damia\downloads\projekt_grk\projekt-grk\debug\shader_loader.obj
c:\users\damia\downloads\projekt_grk\projekt-grk\debug\get_wind_data.obj
c:\users\damia\downloads\projekt_grk\projekt-grk\debug\camera.obj
c:\users\damia\downloads\projekt_grk\projekt-grk\debug\imgui_widgets.obj
c:\users\damia\downloads\projekt_grk\projekt-grk\debug\imgui_tables.obj
c:\users\damia\downloads\projekt_grk\projekt-grk\debug\imgui_impl_opengl3.obj
c:\users\damia\downloads\projekt_grk\projekt-grk\debug\imgui_impl_glfw.obj
c:\users\damia\downloads\projekt_grk\projekt-grk\debug\imgui_draw.obj
c:\users\damia\downloads\projekt_grk\projekt-grk\debug\imgui_demo.obj
c:\users\damia\downloads\projekt_grk\projekt-grk\debug\imgui.obj
c:\users\damia\downloads\projekt_grk\debug\cpr.dll
c:\users\damia\downloads\projekt_grk\debug\libcurl-d.dll
c:\users\damia\downloads\projekt_grk\debug\zlibd1.dll
c:\users\damia\downloads\projekt_grk\debug\projekt-grk.pdb
c:\users\damia\downloads\projekt_grk\projekt-grk\debug\projekt-grk.tlog\cl.command.1.tlog
c:\users\damia\downloads\projekt_grk\projekt-grk\debug\projekt-grk.tlog\cl.items.tlog
c:\users\damia\downloads\projekt_grk\projekt-grk\debug\projekt-grk.tlog\cl.read.1.tlog
c:\users\damia\downloads\projekt_grk\projekt-grk\debug\projekt-grk.tlog\cl.write.1.tlog
c:\users\damia\downloads\projekt_grk\projekt-grk\debug\projekt-grk.tlog\link-cvtres.read.1.tlog
c:\users\damia\downloads\projekt_grk\projekt-grk\debug\projekt-grk.tlog\link-cvtres.write.1.tlog
c:\users\damia\downloads\projekt_grk\projekt-grk\debug\projekt-grk.tlog\link-rc.read.1.tlog
c:\users\damia\downloads\projekt_grk\projekt-grk\debug\projekt-grk.tlog\link-rc.write.1.tlog
c:\users\damia\downloads\projekt_grk\projekt-grk\debug\projekt-grk.tlog\link.command.1.tlog
c:\users\damia\downloads\projekt_grk\projekt-grk\debug\projekt-grk.tlog\link.read.1.tlog
c:\users\damia\downloads\projekt_grk\projekt-grk\debug\projekt-grk.tlog\link.secondary.1.tlog
c:\users\damia\downloads\projekt_grk\projekt-grk\debug\projekt-grk.tlog\link.write.1.tlog
c:\users\damia\downloads\projekt_grk\projekt-grk\debug\projekt-grk.tlog\projekt-grk.write.1u.tlog
